build/app/intermediates/manifest_merge_blame_file/release/manifest-merger-blame-release-report.txt
1<?xml version="1.0" encoding="utf-8"?>
2<manifest xmlns:android="http://schemas.android.com/apk/res/android"
3    package="com.example.croma"
4    android:versionCode="1"
5    android:versionName="1.0.0" >
6
7    <uses-sdk
8        android:minSdkVersion="21"
8-->src\main\AndroidManifest.xml
9        android:targetSdkVersion="33" />
9-->src\main\AndroidManifest.xml
10
11    <uses-permission android:name="android.permission.READ_CONTACTS" />
11-->src\main\AndroidManifest.xml:4:5-72
11-->src\main\AndroidManifest.xml:4:22-69
12    <uses-permission android:name="android.permission.WRITE_CONTACTS" />
12-->src\main\AndroidManifest.xml:5:5-73
12-->src\main\AndroidManifest.xml:5:22-70
13    <uses-permission android:name="android.permission.INTERNET" />
13-->src\main\AndroidManifest.xml:6:5-66
13-->src\main\AndroidManifest.xml:6:22-64
14    <uses-permission android:name="android.permission.ACCESS_FINE_LOCATION" />
14-->src\main\AndroidManifest.xml:7:5-78
14-->src\main\AndroidManifest.xml:7:22-76
15    <uses-permission android:name="android.permission.ACCESS_COARSE_LOCATION" />
15-->src\main\AndroidManifest.xml:8:5-81
15-->src\main\AndroidManifest.xml:8:22-78
16    <uses-permission android:name="android.permission.USE_FINGERPRINT" />
16-->[:local_auth_android] AndroidManifest.xml:9:5-74
16-->[:local_auth_android] AndroidManifest.xml:9:22-71
17    <uses-permission android:name="android.permission.RECEIVE_BOOT_COMPLETED" />
17-->[:flutter_local_notifications] AndroidManifest.xml:7:5-81
17-->[:flutter_local_notifications] AndroidManifest.xml:7:22-78
18    <uses-permission android:name="android.permission.VIBRATE" />
18-->[:flutter_local_notifications] AndroidManifest.xml:8:5-66
18-->[:flutter_local_notifications] AndroidManifest.xml:8:22-63
19    <uses-permission android:name="android.permission.USE_FULL_SCREEN_INTENT" />
19-->[:flutter_local_notifications] AndroidManifest.xml:9:5-81
19-->[:flutter_local_notifications] AndroidManifest.xml:9:22-78
20    <uses-permission android:name="android.permission.ACCESS_NETWORK_STATE" />
20-->[:connectivity] AndroidManifest.xml:7:5-79
20-->[:connectivity] AndroidManifest.xml:7:22-76
21
22    <queries>
22-->[:contacts_service] AndroidManifest.xml:11:5-24:15
23        <intent>
23-->[:contacts_service] AndroidManifest.xml:12:9-14:18
24            <action android:name="android.accounts.AccountAuthenticator" />
24-->[:contacts_service] AndroidManifest.xml:13:13-76
24-->[:contacts_service] AndroidManifest.xml:13:21-73
25        </intent>
26        <!-- Allows the app to load an icon corresponding to the custom MIME type. -->
27        <intent>
27-->[:contacts_service] AndroidManifest.xml:16:9-23:18
28            <action android:name="android.intent.action.VIEW" />
28-->[:contacts_service] AndroidManifest.xml:17:13-65
28-->[:contacts_service] AndroidManifest.xml:17:21-62
29
30            <data
30-->[:contacts_service] AndroidManifest.xml:19:13-22:44
31                android:host="com.android.contacts"
31-->[:contacts_service] AndroidManifest.xml:20:17-52
32                android:mimeType="vnd.android.cursor.item/*"
32-->[:contacts_service] AndroidManifest.xml:21:17-61
33                android:scheme="content" />
33-->[:contacts_service] AndroidManifest.xml:22:17-41
34        </intent>
35        <!-- Needs to be explicitly declared on Android R+ -->
36        <package android:name="com.google.android.apps.maps" /> <!-- For browser content -->
36-->[com.google.android.gms:play-services-maps:18.0.2] AndroidManifest.xml:33:9-64
36-->[com.google.android.gms:play-services-maps:18.0.2] AndroidManifest.xml:33:18-61
37        <intent>
37-->[com.google.android.gms:play-services-ads-lite:19.8.0] AndroidManifest.xml:30:9-36:18
38            <action android:name="android.intent.action.VIEW" />
38-->[:contacts_service] AndroidManifest.xml:17:13-65
38-->[:contacts_service] AndroidManifest.xml:17:21-62
39
40            <category android:name="android.intent.category.BROWSABLE" />
40-->[com.google.android.gms:play-services-ads-lite:19.8.0] AndroidManifest.xml:33:13-74
40-->[com.google.android.gms:play-services-ads-lite:19.8.0] AndroidManifest.xml:33:23-71
41
42            <data android:scheme="https" />
42-->[:contacts_service] AndroidManifest.xml:19:13-22:44
42-->[:contacts_service] AndroidManifest.xml:22:17-41
43        </intent> <!-- End of browser content -->
44        <!-- For CustomTabsService -->
45        <intent>
45-->[com.google.android.gms:play-services-ads-lite:19.8.0] AndroidManifest.xml:39:9-41:18
46            <action android:name="android.support.customtabs.action.CustomTabsService" />
46-->[com.google.android.gms:play-services-ads-lite:19.8.0] AndroidManifest.xml:40:13-90
46-->[com.google.android.gms:play-services-ads-lite:19.8.0] AndroidManifest.xml:40:21-87
47        </intent>
48    </queries>
49
50    <uses-permission android:name="android.permission.USE_BIOMETRIC" />
50-->[androidx.biometric:biometric:1.1.0] AndroidManifest.xml:24:5-72
50-->[androidx.biometric:biometric:1.1.0] AndroidManifest.xml:24:22-69
51
52    <uses-feature
52-->[com.google.android.gms:play-services-maps:18.0.2] AndroidManifest.xml:26:5-28:35
53        android:glEsVersion="0x00020000"
53-->[com.google.android.gms:play-services-maps:18.0.2] AndroidManifest.xml:27:9-41
54        android:required="true" />
54-->[com.google.android.gms:play-services-maps:18.0.2] AndroidManifest.xml:28:9-32
55
56    <uses-permission android:name="android.permission.WAKE_LOCK" />
56-->[com.google.android.gms:play-services-measurement-api:18.0.0] AndroidManifest.xml:24:5-68
56-->[com.google.android.gms:play-services-measurement-api:18.0.0] AndroidManifest.xml:24:22-65
57    <uses-permission android:name="com.google.android.finsky.permission.BIND_GET_INSTALL_REFERRER_SERVICE" />
57-->[com.google.android.gms:play-services-measurement:18.0.0] AndroidManifest.xml:26:5-110
57-->[com.google.android.gms:play-services-measurement:18.0.0] AndroidManifest.xml:26:22-107
58
59    <application
60        android:name="android.app.Application"
60-->src\main\AndroidManifest.xml:12:9-42
61        android:appComponentFactory="androidx.core.app.CoreComponentFactory"
61-->[androidx.core:core:1.8.0] AndroidManifest.xml:24:18-86
62        android:icon="@mipmap/ic_launcher"
62-->src\main\AndroidManifest.xml:14:9-43
63        android:label="croma_brokrage"
63-->src\main\AndroidManifest.xml:11:9-39
64        android:screenOrientation="portrait" >
64-->src\main\AndroidManifest.xml:13:9-45
65        <meta-data
65-->src\main\AndroidManifest.xml:16:9-18:70
66            android:name="com.google.android.geo.API_KEY"
66-->src\main\AndroidManifest.xml:17:13-58
67            android:value="AIzaSyBkqEHHKV2XiD__TDAtUAYq8oR67mZEuyU" />
67-->src\main\AndroidManifest.xml:18:13-68
68        <meta-data
68-->src\main\AndroidManifest.xml:20:9-22:69
69            android:name="com.google.android.gms.ads.APPLICATION_ID"
69-->src\main\AndroidManifest.xml:21:13-69
70            android:value="ca-app-pub-3940256099942544~3347511713" />
70-->src\main\AndroidManifest.xml:22:13-67
71
72        <activity
72-->src\main\AndroidManifest.xml:24:9-41:20
73            android:name="com.example.croma.MainActivity"
73-->src\main\AndroidManifest.xml:25:13-41
74            android:configChanges="orientation|keyboardHidden|keyboard|screenSize|smallestScreenSize|locale|layoutDirection|fontScale|screenLayout|density|uiMode"
74-->src\main\AndroidManifest.xml:29:13-163
75            android:exported="true"
75-->src\main\AndroidManifest.xml:26:13-36
76            android:hardwareAccelerated="true"
76-->src\main\AndroidManifest.xml:30:13-47
77            android:launchMode="singleTop"
77-->src\main\AndroidManifest.xml:27:13-43
78            android:theme="@style/LaunchTheme"
78-->src\main\AndroidManifest.xml:28:13-47
79            android:windowSoftInputMode="adjustResize" >
79-->src\main\AndroidManifest.xml:31:13-55
80            <meta-data
80-->src\main\AndroidManifest.xml:33:13-36:17
81                android:name="io.flutter.embedding.android.NormalTheme"
81-->src\main\AndroidManifest.xml:34:15-70
82                android:resource="@style/NormalTheme" />
82-->src\main\AndroidManifest.xml:35:15-52
83
84            <intent-filter>
84-->src\main\AndroidManifest.xml:37:13-40:29
85                <action android:name="android.intent.action.MAIN" />
85-->src\main\AndroidManifest.xml:38:17-68
85-->src\main\AndroidManifest.xml:38:25-66
86
87                <category android:name="android.intent.category.LAUNCHER" />
87-->src\main\AndroidManifest.xml:39:17-76
87-->src\main\AndroidManifest.xml:39:27-74
88            </intent-filter>
89        </activity>
90        <!--
91             Don't delete the meta-data below.
92             This is used by the Flutter tool to generate GeneratedPluginRegistrant.java
93        -->
94        <meta-data
94-->src\main\AndroidManifest.xml:44:9-46:33
95            android:name="flutterEmbedding"
95-->src\main\AndroidManifest.xml:45:13-44
96            android:value="2" />
96-->src\main\AndroidManifest.xml:46:13-30
97
98        <provider
98-->[:image_picker_android] AndroidManifest.xml:8:9-16:20
99            android:name="io.flutter.plugins.imagepicker.ImagePickerFileProvider"
99-->[:image_picker_android] AndroidManifest.xml:9:13-82
100            android:authorities="com.example.croma.flutter.image_provider"
100-->[:image_picker_android] AndroidManifest.xml:10:13-74
101            android:exported="false"
101-->[:image_picker_android] AndroidManifest.xml:11:13-37
102            android:grantUriPermissions="true" >
102-->[:image_picker_android] AndroidManifest.xml:12:13-47
103            <meta-data
103-->[:image_picker_android] AndroidManifest.xml:13:13-15:75
104                android:name="android.support.FILE_PROVIDER_PATHS"
104-->[:image_picker_android] AndroidManifest.xml:14:17-67
105                android:resource="@xml/flutter_image_picker_file_paths" />
105-->[:image_picker_android] AndroidManifest.xml:15:17-72
106        </provider>
107
108        <receiver android:name="com.dexterous.flutterlocalnotifications.ScheduledNotificationReceiver" />
108-->[:flutter_local_notifications] AndroidManifest.xml:12:9-106
108-->[:flutter_local_notifications] AndroidManifest.xml:12:19-103
109        <receiver android:name="com.dexterous.flutterlocalnotifications.ScheduledNotificationBootReceiver" >
109-->[:flutter_local_notifications] AndroidManifest.xml:13:9-20:20
109-->[:flutter_local_notifications] AndroidManifest.xml:13:19-107
110            <intent-filter>
110-->[:flutter_local_notifications] AndroidManifest.xml:14:13-19:29
111                <action android:name="android.intent.action.BOOT_COMPLETED" />
111-->[:flutter_local_notifications] AndroidManifest.xml:15:17-79
111-->[:flutter_local_notifications] AndroidManifest.xml:15:25-76
112                <action android:name="android.intent.action.MY_PACKAGE_REPLACED" />
112-->[:flutter_local_notifications] AndroidManifest.xml:16:17-84
112-->[:flutter_local_notifications] AndroidManifest.xml:16:25-81
113                <action android:name="android.intent.action.QUICKBOOT_POWERON" />
113-->[:flutter_local_notifications] AndroidManifest.xml:17:17-82
113-->[:flutter_local_notifications] AndroidManifest.xml:17:25-79
114                <action android:name="com.htc.intent.action.QUICKBOOT_POWERON" />
114-->[:flutter_local_notifications] AndroidManifest.xml:18:17-82
114-->[:flutter_local_notifications] AndroidManifest.xml:18:25-79
115            </intent-filter>
116        </receiver>
117
118        <activity
118-->[:url_launcher_android] AndroidManifest.xml:8:9-11:74
119            android:name="io.flutter.plugins.urllauncher.WebViewActivity"
119-->[:url_launcher_android] AndroidManifest.xml:9:13-74
120            android:exported="false"
120-->[:url_launcher_android] AndroidManifest.xml:10:13-37
121            android:theme="@android:style/Theme.NoTitleBar.Fullscreen" />
121-->[:url_launcher_android] AndroidManifest.xml:11:13-71
122
123        <receiver
123-->[:sms_otp_auto_verify] AndroidManifest.xml:8:9-15:20
124            android:name="com.oohyugi.sms_otp_auto_verify.SmsBroadcastReceiver"
124-->[:sms_otp_auto_verify] AndroidManifest.xml:9:13-80
125            android:exported="true"
125-->[:sms_otp_auto_verify] AndroidManifest.xml:10:13-36
126            android:permission="com.google.android.gms.auth.api.phone.permission.SEND" >
126-->[:sms_otp_auto_verify] AndroidManifest.xml:11:13-87
127            <intent-filter>
127-->[:sms_otp_auto_verify] AndroidManifest.xml:12:13-14:29
128                <action android:name="com.google.android.gms.auth.api.phone.SMS_RETRIEVED" />
128-->[:sms_otp_auto_verify] AndroidManifest.xml:13:17-94
128-->[:sms_otp_auto_verify] AndroidManifest.xml:13:25-91
129            </intent-filter>
130        </receiver>
131
132        <uses-library
132-->[androidx.window:window:1.0.0-beta04] AndroidManifest.xml:25:9-27:40
133            android:name="androidx.window.extensions"
133-->[androidx.window:window:1.0.0-beta04] AndroidManifest.xml:26:13-54
134            android:required="false" />
134-->[androidx.window:window:1.0.0-beta04] AndroidManifest.xml:27:13-37
135        <uses-library
135-->[androidx.window:window:1.0.0-beta04] AndroidManifest.xml:28:9-30:40
136            android:name="androidx.window.sidecar"
136-->[androidx.window:window:1.0.0-beta04] AndroidManifest.xml:29:13-51
137            android:required="false" />
137-->[androidx.window:window:1.0.0-beta04] AndroidManifest.xml:30:13-37
138
139        <activity
139-->[com.google.android.gms:play-services-auth:20.0.1] AndroidManifest.xml:23:9-27:75
140            android:name="com.google.android.gms.auth.api.signin.internal.SignInHubActivity"
140-->[com.google.android.gms:play-services-auth:20.0.1] AndroidManifest.xml:24:13-93
141            android:excludeFromRecents="true"
141-->[com.google.android.gms:play-services-auth:20.0.1] AndroidManifest.xml:25:13-46
142            android:exported="false"
142-->[com.google.android.gms:play-services-auth:20.0.1] AndroidManifest.xml:26:13-37
143            android:theme="@android:style/Theme.Translucent.NoTitleBar" />
143-->[com.google.android.gms:play-services-auth:20.0.1] AndroidManifest.xml:27:13-72
144        <!--
145            Service handling Google Sign-In user revocation. For apps that do not integrate with
146            Google Sign-In, this service will never be started.
147        -->
148        <service
148-->[com.google.android.gms:play-services-auth:20.0.1] AndroidManifest.xml:33:9-37:51
149            android:name="com.google.android.gms.auth.api.signin.RevocationBoundService"
149-->[com.google.android.gms:play-services-auth:20.0.1] AndroidManifest.xml:34:13-89
150            android:exported="true"
150-->[com.google.android.gms:play-services-auth:20.0.1] AndroidManifest.xml:35:13-36
151            android:permission="com.google.android.gms.auth.api.signin.permission.REVOCATION_NOTIFICATION"
151-->[com.google.android.gms:play-services-auth:20.0.1] AndroidManifest.xml:36:13-107
152            android:visibleToInstantApps="true" /> <!-- Needs to be explicitly declared on P+ -->
152-->[com.google.android.gms:play-services-auth:20.0.1] AndroidManifest.xml:37:13-48
153        <uses-library
153-->[com.google.android.gms:play-services-maps:18.0.2] AndroidManifest.xml:39:9-41:40
154            android:name="org.apache.http.legacy"
154-->[com.google.android.gms:play-services-maps:18.0.2] AndroidManifest.xml:40:13-50
155            android:required="false" />
155-->[com.google.android.gms:play-services-maps:18.0.2] AndroidManifest.xml:41:13-37
156
157        <activity
157-->[com.google.android.gms:play-services-base:18.0.1] AndroidManifest.xml:20:9-22:45
158            android:name="com.google.android.gms.common.api.GoogleApiActivity"
158-->[com.google.android.gms:play-services-base:18.0.1] AndroidManifest.xml:20:19-85
159            android:exported="false"
159-->[com.google.android.gms:play-services-base:18.0.1] AndroidManifest.xml:22:19-43
160            android:theme="@android:style/Theme.Translucent.NoTitleBar" />
160-->[com.google.android.gms:play-services-base:18.0.1] AndroidManifest.xml:21:19-78
161
162        <service
162-->[com.google.android.gms:play-services-measurement-api:18.0.0] AndroidManifest.xml:27:9-33:19
163            android:name="com.google.firebase.components.ComponentDiscoveryService"
163-->[com.google.android.gms:play-services-measurement-api:18.0.0] AndroidManifest.xml:28:13-84
164            android:directBootAware="true"
164-->[com.google.firebase:firebase-common:19.3.0] AndroidManifest.xml:34:13-43
165            android:exported="false" >
165-->[com.google.android.gms:play-services-measurement-api:18.0.0] AndroidManifest.xml:29:13-37
166            <meta-data
166-->[com.google.android.gms:play-services-measurement-api:18.0.0] AndroidManifest.xml:30:13-32:85
167                android:name="com.google.firebase.components:com.google.firebase.analytics.connector.internal.AnalyticsConnectorRegistrar"
167-->[com.google.android.gms:play-services-measurement-api:18.0.0] AndroidManifest.xml:31:17-139
168                android:value="com.google.firebase.components.ComponentRegistrar" />
168-->[com.google.android.gms:play-services-measurement-api:18.0.0] AndroidManifest.xml:32:17-82
169            <meta-data
169-->[com.google.firebase:firebase-installations:16.3.2] AndroidManifest.xml:17:13-19:85
170                android:name="com.google.firebase.components:com.google.firebase.installations.FirebaseInstallationsRegistrar"
170-->[com.google.firebase:firebase-installations:16.3.2] AndroidManifest.xml:18:17-127
171                android:value="com.google.firebase.components.ComponentRegistrar" />
171-->[com.google.firebase:firebase-installations:16.3.2] AndroidManifest.xml:19:17-82
172        </service>
173
174        <provider
174-->[com.google.firebase:firebase-common:19.3.0] AndroidManifest.xml:26:9-30:39
175            android:name="com.google.firebase.provider.FirebaseInitProvider"
175-->[com.google.firebase:firebase-common:19.3.0] AndroidManifest.xml:27:13-77
176            android:authorities="com.example.croma.firebaseinitprovider"
176-->[com.google.firebase:firebase-common:19.3.0] AndroidManifest.xml:28:13-72
177            android:exported="false"
177-->[com.google.firebase:firebase-common:19.3.0] AndroidManifest.xml:29:13-37
178            android:initOrder="100" />
178-->[com.google.firebase:firebase-common:19.3.0] AndroidManifest.xml:30:13-36
179
180        <receiver
180-->[com.google.android.gms:play-services-measurement:18.0.0] AndroidManifest.xml:29:9-33:20
181            android:name="com.google.android.gms.measurement.AppMeasurementReceiver"
181-->[com.google.android.gms:play-services-measurement:18.0.0] AndroidManifest.xml:30:13-85
182            android:enabled="true"
182-->[com.google.android.gms:play-services-measurement:18.0.0] AndroidManifest.xml:31:13-35
183            android:exported="false" >
183-->[com.google.android.gms:play-services-measurement:18.0.0] AndroidManifest.xml:32:13-37
184        </receiver>
185
186        <service
186-->[com.google.android.gms:play-services-measurement:18.0.0] AndroidManifest.xml:35:9-38:40
187            android:name="com.google.android.gms.measurement.AppMeasurementService"
187-->[com.google.android.gms:play-services-measurement:18.0.0] AndroidManifest.xml:36:13-84
188            android:enabled="true"
188-->[com.google.android.gms:play-services-measurement:18.0.0] AndroidManifest.xml:37:13-35
189            android:exported="false" />
189-->[com.google.android.gms:play-services-measurement:18.0.0] AndroidManifest.xml:38:13-37
190        <service
190-->[com.google.android.gms:play-services-measurement:18.0.0] AndroidManifest.xml:39:9-43:72
191            android:name="com.google.android.gms.measurement.AppMeasurementJobService"
191-->[com.google.android.gms:play-services-measurement:18.0.0] AndroidManifest.xml:40:13-87
192            android:enabled="true"
192-->[com.google.android.gms:play-services-measurement:18.0.0] AndroidManifest.xml:41:13-35
193            android:exported="false"
193-->[com.google.android.gms:play-services-measurement:18.0.0] AndroidManifest.xml:42:13-37
194            android:permission="android.permission.BIND_JOB_SERVICE" /> <!-- Include the AdActivity and InAppPurchaseActivity configChanges and themes. -->
194-->[com.google.android.gms:play-services-measurement:18.0.0] AndroidManifest.xml:43:13-69
195        <activity
195-->[com.google.android.gms:play-services-ads-lite:19.8.0] AndroidManifest.xml:48:9-52:64
196            android:name="com.google.android.gms.ads.AdActivity"
196-->[com.google.android.gms:play-services-ads-lite:19.8.0] AndroidManifest.xml:49:13-65
197            android:configChanges="keyboard|keyboardHidden|orientation|screenLayout|uiMode|screenSize|smallestScreenSize"
197-->[com.google.android.gms:play-services-ads-lite:19.8.0] AndroidManifest.xml:50:13-122
198            android:exported="false"
198-->[com.google.android.gms:play-services-ads-lite:19.8.0] AndroidManifest.xml:51:13-37
199            android:theme="@android:style/Theme.Translucent" />
199-->[com.google.android.gms:play-services-ads-lite:19.8.0] AndroidManifest.xml:52:13-61
200
201        <provider
201-->[com.google.android.gms:play-services-ads-lite:19.8.0] AndroidManifest.xml:54:9-58:39
202            android:name="com.google.android.gms.ads.MobileAdsInitProvider"
202-->[com.google.android.gms:play-services-ads-lite:19.8.0] AndroidManifest.xml:55:13-76
203            android:authorities="com.example.croma.mobileadsinitprovider"
203-->[com.google.android.gms:play-services-ads-lite:19.8.0] AndroidManifest.xml:56:13-73
204            android:exported="false"
204-->[com.google.android.gms:play-services-ads-lite:19.8.0] AndroidManifest.xml:57:13-37
205            android:initOrder="100" />
205-->[com.google.android.gms:play-services-ads-lite:19.8.0] AndroidManifest.xml:58:13-36
206
207        <service
207-->[com.google.android.gms:play-services-ads-lite:19.8.0] AndroidManifest.xml:60:9-63:40
208            android:name="com.google.android.gms.ads.AdService"
208-->[com.google.android.gms:play-services-ads-lite:19.8.0] AndroidManifest.xml:61:13-64
209            android:enabled="true"
209-->[com.google.android.gms:play-services-ads-lite:19.8.0] AndroidManifest.xml:62:13-35
210            android:exported="false" />
210-->[com.google.android.gms:play-services-ads-lite:19.8.0] AndroidManifest.xml:63:13-37
211
212        <meta-data
212-->[com.google.android.gms:play-services-basement:18.0.0] AndroidManifest.xml:21:9-23:69
213            android:name="com.google.android.gms.version"
213-->[com.google.android.gms:play-services-basement:18.0.0] AndroidManifest.xml:22:13-58
214            android:value="@integer/google_play_services_version" />
214-->[com.google.android.gms:play-services-basement:18.0.0] AndroidManifest.xml:23:13-66
215
216        <provider
216-->[androidx.work:work-runtime:2.1.0] AndroidManifest.xml:30:9-36:35
217            android:name="androidx.work.impl.WorkManagerInitializer"
217-->[androidx.work:work-runtime:2.1.0] AndroidManifest.xml:31:13-69
218            android:authorities="com.example.croma.workmanager-init"
218-->[androidx.work:work-runtime:2.1.0] AndroidManifest.xml:32:13-68
219            android:directBootAware="false"
219-->[androidx.work:work-runtime:2.1.0] AndroidManifest.xml:33:13-44
220            android:exported="false"
220-->[androidx.work:work-runtime:2.1.0] AndroidManifest.xml:34:13-37
221            android:multiprocess="true" />
221-->[androidx.work:work-runtime:2.1.0] AndroidManifest.xml:35:13-40
222
223        <service
223-->[androidx.work:work-runtime:2.1.0] AndroidManifest.xml:38:9-43:35
224            android:name="androidx.work.impl.background.systemalarm.SystemAlarmService"
224-->[androidx.work:work-runtime:2.1.0] AndroidManifest.xml:39:13-88
225            android:directBootAware="false"
225-->[androidx.work:work-runtime:2.1.0] AndroidManifest.xml:40:13-44
226            android:enabled="@bool/enable_system_alarm_service_default"
226-->[androidx.work:work-runtime:2.1.0] AndroidManifest.xml:41:13-72
227            android:exported="false" />
227-->[androidx.work:work-runtime:2.1.0] AndroidManifest.xml:42:13-37
228        <service
228-->[androidx.work:work-runtime:2.1.0] AndroidManifest.xml:44:9-50:35
229            android:name="androidx.work.impl.background.systemjob.SystemJobService"
229-->[androidx.work:work-runtime:2.1.0] AndroidManifest.xml:45:13-84
230            android:directBootAware="false"
230-->[androidx.work:work-runtime:2.1.0] AndroidManifest.xml:46:13-44
231            android:enabled="@bool/enable_system_job_service_default"
231-->[androidx.work:work-runtime:2.1.0] AndroidManifest.xml:47:13-70
232            android:exported="true"
232-->[androidx.work:work-runtime:2.1.0] AndroidManifest.xml:48:13-36
233            android:permission="android.permission.BIND_JOB_SERVICE" />
233-->[androidx.work:work-runtime:2.1.0] AndroidManifest.xml:49:13-69
234
235        <receiver
235-->[androidx.work:work-runtime:2.1.0] AndroidManifest.xml:52:9-57:35
236            android:name="androidx.work.impl.utils.ForceStopRunnable$BroadcastReceiver"
236-->[androidx.work:work-runtime:2.1.0] AndroidManifest.xml:53:13-88
237            android:directBootAware="false"
237-->[androidx.work:work-runtime:2.1.0] AndroidManifest.xml:54:13-44
238            android:enabled="true"
238-->[androidx.work:work-runtime:2.1.0] AndroidManifest.xml:55:13-35
239            android:exported="false" />
239-->[androidx.work:work-runtime:2.1.0] AndroidManifest.xml:56:13-37
240        <receiver
240-->[androidx.work:work-runtime:2.1.0] AndroidManifest.xml:58:9-68:20
241            android:name="androidx.work.impl.background.systemalarm.ConstraintProxy$BatteryChargingProxy"
241-->[androidx.work:work-runtime:2.1.0] AndroidManifest.xml:59:13-106
242            android:directBootAware="false"
242-->[androidx.work:work-runtime:2.1.0] AndroidManifest.xml:60:13-44
243            android:enabled="false"
243-->[androidx.work:work-runtime:2.1.0] AndroidManifest.xml:61:13-36
244            android:exported="false" >
244-->[androidx.work:work-runtime:2.1.0] AndroidManifest.xml:62:13-37
245            <intent-filter>
245-->[androidx.work:work-runtime:2.1.0] AndroidManifest.xml:64:13-67:29
246                <action android:name="android.intent.action.ACTION_POWER_CONNECTED" />
246-->[androidx.work:work-runtime:2.1.0] AndroidManifest.xml:65:17-87
246-->[androidx.work:work-runtime:2.1.0] AndroidManifest.xml:65:25-84
247                <action android:name="android.intent.action.ACTION_POWER_DISCONNECTED" />
247-->[androidx.work:work-runtime:2.1.0] AndroidManifest.xml:66:17-90
247-->[androidx.work:work-runtime:2.1.0] AndroidManifest.xml:66:25-87
248            </intent-filter>
249        </receiver>
250        <receiver
250-->[androidx.work:work-runtime:2.1.0] AndroidManifest.xml:69:9-79:20
251            android:name="androidx.work.impl.background.systemalarm.ConstraintProxy$BatteryNotLowProxy"
251-->[androidx.work:work-runtime:2.1.0] AndroidManifest.xml:70:13-104
252            android:directBootAware="false"
252-->[androidx.work:work-runtime:2.1.0] AndroidManifest.xml:71:13-44
253            android:enabled="false"
253-->[androidx.work:work-runtime:2.1.0] AndroidManifest.xml:72:13-36
254            android:exported="false" >
254-->[androidx.work:work-runtime:2.1.0] AndroidManifest.xml:73:13-37
255            <intent-filter>
255-->[androidx.work:work-runtime:2.1.0] AndroidManifest.xml:75:13-78:29
256                <action android:name="android.intent.action.BATTERY_OKAY" />
256-->[androidx.work:work-runtime:2.1.0] AndroidManifest.xml:76:17-77
256-->[androidx.work:work-runtime:2.1.0] AndroidManifest.xml:76:25-74
257                <action android:name="android.intent.action.BATTERY_LOW" />
257-->[androidx.work:work-runtime:2.1.0] AndroidManifest.xml:77:17-76
257-->[androidx.work:work-runtime:2.1.0] AndroidManifest.xml:77:25-73
258            </intent-filter>
259        </receiver>
260        <receiver
260-->[androidx.work:work-runtime:2.1.0] AndroidManifest.xml:80:9-90:20
261            android:name="androidx.work.impl.background.systemalarm.ConstraintProxy$StorageNotLowProxy"
261-->[androidx.work:work-runtime:2.1.0] AndroidManifest.xml:81:13-104
262            android:directBootAware="false"
262-->[androidx.work:work-runtime:2.1.0] AndroidManifest.xml:82:13-44
263            android:enabled="false"
263-->[androidx.work:work-runtime:2.1.0] AndroidManifest.xml:83:13-36
264            android:exported="false" >
264-->[androidx.work:work-runtime:2.1.0] AndroidManifest.xml:84:13-37
265            <intent-filter>
265-->[androidx.work:work-runtime:2.1.0] AndroidManifest.xml:86:13-89:29
266                <action android:name="android.intent.action.DEVICE_STORAGE_LOW" />
266-->[androidx.work:work-runtime:2.1.0] AndroidManifest.xml:87:17-83
266-->[androidx.work:work-runtime:2.1.0] AndroidManifest.xml:87:25-80
267                <action android:name="android.intent.action.DEVICE_STORAGE_OK" />
267-->[androidx.work:work-runtime:2.1.0] AndroidManifest.xml:88:17-82
267-->[androidx.work:work-runtime:2.1.0] AndroidManifest.xml:88:25-79
268            </intent-filter>
269        </receiver>
270        <receiver
270-->[androidx.work:work-runtime:2.1.0] AndroidManifest.xml:91:9-100:20
271            android:name="androidx.work.impl.background.systemalarm.ConstraintProxy$NetworkStateProxy"
271-->[androidx.work:work-runtime:2.1.0] AndroidManifest.xml:92:13-103
272            android:directBootAware="false"
272-->[androidx.work:work-runtime:2.1.0] AndroidManifest.xml:93:13-44
273            android:enabled="false"
273-->[androidx.work:work-runtime:2.1.0] AndroidManifest.xml:94:13-36
274            android:exported="false" >
274-->[androidx.work:work-runtime:2.1.0] AndroidManifest.xml:95:13-37
275            <intent-filter>
275-->[androidx.work:work-runtime:2.1.0] AndroidManifest.xml:97:13-99:29